<?xml version="1.0" encoding="UTF-8"?>
<m:oMath xmlns:m="http://schemas.openxmlformats.org/officeDocument/2006/math" xmlns:mml="http://www.w3.org/1998/Math/MathML"><m:sSup><m:e><m:r><m:t>E</m:t></m:r></m:e><m:sup><m:r><m:t>2</m:t></m:r></m:sup></m:sSup><m:r><m:t>=</m:t></m:r><m:sSup><m:e><m:r><m:t>m</m:t></m:r></m:e><m:sup><m:r><m:t>2</m:t></m:r></m:sup></m:sSup><m:sSup><m:e><m:r><m:t>c</m:t></m:r></m:e><m:sup><m:r><m:t>4</m:t></m:r></m:sup></m:sSup></m:oMath>
